GPS/AndroidBuild/unityLibrary/build/outputs/logs/manifest-merger-debug-report.txt
-- Merging decision tree log ---
manifest
ADDED from src\main\AndroidManifest.xml:3:1-26:12
INJECTED from src\main\AndroidManifest.xml:3:1-26:12
INJECTED from src\main\AndroidManifest.xml:3:1-26:12
INJECTED from src\main\AndroidManifest.xml:3:1-26:12
INJECTED from src\main\AndroidManifest.xml:3:1-26:12
INJECTED from src\main\AndroidManifest.xml:3:1-26:12
INJECTED from src\main\AndroidManifest.xml:3:1-26:12
	package
		ADDED from src\main\AndroidManifest.xml:3:70-98
		INJECTED from src\main\AndroidManifest.xml
		INJECTED from src\main\AndroidManifest.xml
	android:versionName
		INJECTED from src\main\AndroidManifest.xml
		ADDED from src\main\AndroidManifest.xml:3:1-26:12
		INJECTED from src\main\AndroidManifest.xml
	xmlns:tools
		ADDED from src\main\AndroidManifest.xml:3:99-145
	android:versionCode
		INJECTED from src\main\AndroidManifest.xml
		ADDED from src\main\AndroidManifest.xml:3:1-26:12
		INJECTED from src\main\AndroidManifest.xml
	xmlns:android
		ADDED from src\main\AndroidManifest.xml:3:11-69
application
ADDED from src\main\AndroidManifest.xml:4:3-17:17
activity#com.unity3d.player.UnityPlayerActivity
ADDED from src\main\AndroidManifest.xml:5:5-12:16
	android:screenOrientation
		ADDED from src\main\AndroidManifest.xml:5:111-149
	android:launchMode
		ADDED from src\main\AndroidManifest.xml:5:150-181
	android:hardwareAccelerated
		ADDED from src\main\AndroidManifest.xml:5:364-399
	android:configChanges
		ADDED from src\main\AndroidManifest.xml:5:182-363
	android:theme
		ADDED from src\main\AndroidManifest.xml:5:69-110
	android:name
		ADDED from src\main\AndroidManifest.xml:5:15-68
meta-data#unityplayer.UnityActivity
ADDED from src\main\AndroidManifest.xml:10:7-82
	android:value
		ADDED from src\main\AndroidManifest.xml:10:59-79
	android:name
		ADDED from src\main\AndroidManifest.xml:10:18-58
meta-data#android.notch_support
ADDED from src\main\AndroidManifest.xml:11:7-78
	android:value
		ADDED from src\main\AndroidManifest.xml:11:55-75
	android:name
		ADDED from src\main\AndroidManifest.xml:11:18-54
meta-data#unity.splash-mode
ADDED from src\main\AndroidManifest.xml:13:5-69
	android:value
		ADDED from src\main\AndroidManifest.xml:13:49-66
	android:name
		ADDED from src\main\AndroidManifest.xml:13:16-48
meta-data#unity.splash-enable
ADDED from src\main\AndroidManifest.xml:14:5-74
	android:value
		ADDED from src\main\AndroidManifest.xml:14:51-71
	android:name
		ADDED from src\main\AndroidManifest.xml:14:16-50
meta-data#notch.config
ADDED from src\main\AndroidManifest.xml:15:5-81
	android:value
		ADDED from src\main\AndroidManifest.xml:15:44-78
	android:name
		ADDED from src\main\AndroidManifest.xml:15:16-43
meta-data#unity.build-id
ADDED from src\main\AndroidManifest.xml:16:5-101
	android:value
		ADDED from src\main\AndroidManifest.xml:16:46-98
	android:name
		ADDED from src\main\AndroidManifest.xml:16:16-45
uses-feature#0x00030000
ADDED from src\main\AndroidManifest.xml:18:3-52
	android:glEsVersion
		ADDED from src\main\AndroidManifest.xml:18:17-49
uses-permission#android.permission.CAMERA
ADDED from src\main\AndroidManifest.xml:19:3-63
	android:name
		ADDED from src\main\AndroidManifest.xml:19:20-60
uses-feature#android.hardware.camera
ADDED from src\main\AndroidManifest.xml:20:3-83
	android:required
		ADDED from src\main\AndroidManifest.xml:20:56-80
	android:name
		ADDED from src\main\AndroidManifest.xml:20:17-55
uses-feature#android.hardware.camera.autofocus
ADDED from src\main\AndroidManifest.xml:21:3-93
	android:required
		ADDED from src\main\AndroidManifest.xml:21:66-90
	android:name
		ADDED from src\main\AndroidManifest.xml:21:17-65
uses-feature#android.hardware.camera.front
ADDED from src\main\AndroidManifest.xml:22:3-89
	android:required
		ADDED from src\main\AndroidManifest.xml:22:62-86
	android:name
		ADDED from src\main\AndroidManifest.xml:22:17-61
uses-feature#android.hardware.touchscreen
ADDED from src\main\AndroidManifest.xml:23:3-88
	android:required
		ADDED from src\main\AndroidManifest.xml:23:61-85
	android:name
		ADDED from src\main\AndroidManifest.xml:23:17-60
uses-feature#android.hardware.touchscreen.multitouch
ADDED from src\main\AndroidManifest.xml:24:3-99
	android:required
		ADDED from src\main\AndroidManifest.xml:24:72-96
	android:name
		ADDED from src\main\AndroidManifest.xml:24:17-71
uses-feature#android.hardware.touchscreen.multitouch.distinct
ADDED from src\main\AndroidManifest.xml:25:3-108
	android:required
		ADDED from src\main\AndroidManifest.xml:25:81-105
	android:name
		ADDED from src\main\AndroidManifest.xml:25:17-80
uses-sdk
INJECTED from src\main\AndroidManifest.xml reason: use-sdk injection requested
INJECTED from src\main\AndroidManifest.xml
INJECTED from src\main\AndroidManifest.xml
INJECTED from src\main\AndroidManifest.xml
INJECTED from src\main\AndroidManifest.xml
	android:targetSdkVersion
		INJECTED from src\main\AndroidManifest.xml
		ADDED from src\main\AndroidManifest.xml
		INJECTED from src\main\AndroidManifest.xml
	android:minSdkVersion
		INJECTED from src\main\AndroidManifest.xml
		ADDED from src\main\AndroidManifest.xml
		INJECTED from src\main\AndroidManifest.xml